<?xml version="1.0" encoding="UTF-8"?>
<testng-results skipped="0" failed="0" ignored="0" total="6" passed="6">
  <reporter-output>
  </reporter-output>
  <suite name="Command line suite" duration-ms="35" started-at="2021-11-29T00:40:42 CET" finished-at="2021-11-29T00:40:42 CET">
    <groups>
    </groups>
    <test name="Command line test" duration-ms="35" started-at="2021-11-29T00:40:42 CET" finished-at="2021-11-29T00:40:42 CET">
      <class name="qaclickacademy.AppiumTest">
        <test-method status="PASS" signature="IOSApps()[pri:0, instance:qaclickacademy.AppiumTest@32709393]" name="IOSApps" duration-ms="3" started-at="2021-11-29T00:40:42 CET" finished-at="2021-11-29T00:40:42 CET">
          <reporter-output>
          </reporter-output>
        </test-method> <!-- IOSApps -->
        <test-method status="PASS" signature="NativeAPpAndroid()[pri:0, instance:qaclickacademy.AppiumTest@32709393]" name="NativeAPpAndroid" duration-ms="0" started-at="2021-11-29T00:40:42 CET" finished-at="2021-11-29T00:40:42 CET">
          <reporter-output>
          </reporter-output>
        </test-method> <!-- NativeAPpAndroid -->
      </class> <!-- qaclickacademy.AppiumTest -->
      <class name="qaclickacademy.RESTAPITest">
        <test-method status="PASS" signature="deleteTwitter()[pri:0, instance:qaclickacademy.RESTAPITest@6737fd8f]" name="deleteTwitter" duration-ms="0" started-at="2021-11-29T00:40:42 CET" finished-at="2021-11-29T00:40:42 CET">
          <reporter-output>
          </reporter-output>
        </test-method> <!-- deleteTwitter -->
        <test-method status="PASS" signature="postJira()[pri:0, instance:qaclickacademy.RESTAPITest@6737fd8f]" name="postJira" duration-ms="1" started-at="2021-11-29T00:40:42 CET" finished-at="2021-11-29T00:40:42 CET">
          <reporter-output>
          </reporter-output>
        </test-method> <!-- postJira -->
      </class> <!-- qaclickacademy.RESTAPITest -->
      <class name="qaclickacademy.SeleniumTest">
        <test-method status="PASS" signature="BrowserAUtomation()[pri:0, instance:qaclickacademy.SeleniumTest@72b6cbcc]" name="BrowserAUtomation" duration-ms="0" started-at="2021-11-29T00:40:42 CET" finished-at="2021-11-29T00:40:42 CET">
          <reporter-output>
          </reporter-output>
        </test-method> <!-- BrowserAUtomation -->
        <test-method status="PASS" signature="elementsUi()[pri:0, instance:qaclickacademy.SeleniumTest@72b6cbcc]" name="elementsUi" duration-ms="0" started-at="2021-11-29T00:40:42 CET" finished-at="2021-11-29T00:40:42 CET">
          <reporter-output>
          </reporter-output>
        </test-method> <!-- elementsUi -->
      </class> <!-- qaclickacademy.SeleniumTest -->
    </test> <!-- Command line test -->
  </suite> <!-- Command line suite -->
</testng-results>
