<?xml version="1.0" encoding="UTF-8"?>
<testng-results skipped="0" failed="0" ignored="0" total="2" passed="2">
  <reporter-output>
  </reporter-output>
  <suite name="Default suite" duration-ms="36" started-at="2021-11-29T00:40:24 CET" finished-at="2021-11-29T00:40:24 CET">
    <groups>
    </groups>
    <test name="Default test" duration-ms="36" started-at="2021-11-29T00:40:24 CET" finished-at="2021-11-29T00:40:24 CET">
      <class name="qaclickacademy.SeleniumTest">
        <test-method status="PASS" signature="BrowserAUtomation()[pri:0, instance:qaclickacademy.SeleniumTest@491cc5c9]" name="BrowserAUtomation" duration-ms="6" started-at="2021-11-29T00:40:24 CET" finished-at="2021-11-29T00:40:24 CET">
          <reporter-output>
          </reporter-output>
        </test-method> <!-- BrowserAUtomation -->
        <test-method status="PASS" signature="elementsUi()[pri:0, instance:qaclickacademy.SeleniumTest@491cc5c9]" name="elementsUi" duration-ms="1" started-at="2021-11-29T00:40:24 CET" finished-at="2021-11-29T00:40:24 CET">
          <reporter-output>
          </reporter-output>
        </test-method> <!-- elementsUi -->
      </class> <!-- qaclickacademy.SeleniumTest -->
    </test> <!-- Default test -->
  </suite> <!-- Default suite -->
</testng-results>
